<?xml version="1.0" encoding="UTF-8"?>
<!-- Generated by org.testng.reporters.JUnitReportReporter -->
<testsuite hostname="Dzikra-Shanum" failures="0" tests="1" name="com.juaracoding.pageobject.TestForm" time="2.573" errors="0" timestamp="2022-08-18T21:11:39 ICT" skipped="0">
  <testcase classname="com.juaracoding.pageobject.TestForm" name="testForm" time="2.573"/>
  <system-out/>
</testsuite> <!-- com.juaracoding.pageobject.TestForm -->
