<?xml version="1.0" encoding="UTF-8"?>
<!-- Generated by org.testng.reporters.JUnitReportReporter -->
<testsuite hostname="Dzikra-Shanum" failures="0" tests="1" name="com.juaracoding.pageobject.TestLoginSiloam" time="1.336" errors="0" timestamp="2022-08-15T20:45:44 ICT" skipped="0">
  <testcase classname="com.juaracoding.pageobject.TestLoginSiloam" name="testInvalidLogin" time="1.336"/>
  <system-out/>
</testsuite> <!-- com.juaracoding.pageobject.TestLoginSiloam -->
