<?xml version="1.0" encoding="UTF-8"?>
<!-- Generated by org.testng.reporters.JUnitReportReporter -->
<testsuite hostname="Dzikra-Shanum" failures="0" tests="1" name="com.juaracoding.pageobject.TestLogin" time="3.952" errors="0" timestamp="2022-08-26T19:44:20 ICT" skipped="0">
  <testcase classname="com.juaracoding.pageobject.TestLogin" name="testInvalidLogin" time="3.952"/>
  <system-out/>
</testsuite> <!-- com.juaracoding.pageobject.TestLogin -->
