<?xml version="1.0" encoding="UTF-8"?>
<!-- Generated by org.testng.reporters.JUnitReportReporter -->
<testsuite hostname="Dzikra-Shanum" failures="0" tests="2" name="com.juaracoding.pageobject.TestAlert" time="6.810" errors="0" timestamp="2022-08-26T16:56:39 ICT" skipped="0">
  <testcase classname="com.juaracoding.pageobject.TestAlert" name="testAlertOne" time="3.906"/>
  <system-out/>
  <testcase classname="com.juaracoding.pageobject.TestAlert" name="testAlertTwo" time="2.904"/>
  <system-out/>
</testsuite> <!-- com.juaracoding.pageobject.TestAlert -->
