<?xml version="1.0" encoding="UTF-8"?>
<!-- Generated by org.testng.reporters.JUnitReportReporter -->
<testsuite hostname="Dzikra-Shanum" failures="0" tests="1" name="com.juaracoding.pageobject.TestFrame" time="1.127" errors="0" timestamp="2022-08-16T20:01:12 ICT" skipped="0">
  <testcase classname="com.juaracoding.pageobject.TestFrame" name="testFrame" time="1.127"/>
  <system-out/>
</testsuite> <!-- com.juaracoding.pageobject.TestFrame -->
