<?xml version="1.0" encoding="UTF-8"?>
<!-- Generated by org.testng.reporters.JUnitReportReporter -->
<testsuite hostname="Dzikra-Shanum" failures="0" tests="1" name="com.juaracoding.pageobject.hooks.TestHooksRunner" time="0.244" errors="0" timestamp="2022-08-29T19:54:21 ICT" skipped="0">
  <testcase classname="com.juaracoding.pageobject.hooks.TestHooksRunner" name="runScenario" time="0.244"/>
  <system-out/>
</testsuite> <!-- com.juaracoding.pageobject.hooks.TestHooksRunner -->
