<?xml version="1.0" encoding="UTF-8"?>
<!-- Generated by org.testng.reporters.JUnitReportReporter -->
<testsuite hostname="Dzikra-Shanum" failures="0" tests="1" name="com.juaracoding.pageobject.TestRandomPokemon" time="0.698" errors="0" timestamp="2022-08-15T21:09:11 ICT" skipped="0">
  <testcase classname="com.juaracoding.pageobject.TestRandomPokemon" name="testGeneratePokemon" time="0.698"/>
  <system-out/>
</testsuite> <!-- com.juaracoding.pageobject.TestRandomPokemon -->
